This is XeTeX, Version 3.14159265-2.6-0.999991 (TeX Live 2019) (preloaded format=xelatex 2020.4.20)  12 MAY 2020 17:25
entering extended mode
 restricted \write18 enabled.
 %&-line parsing enabled.
**thesis.tex
(./thesis.tex
LaTeX2e <2018-12-01>
(/usr/local/texlive/2019/texmf-dist/tex/latex/base/book.cls
Document Class: book 2018/09/03 v1.4i Standard LaTeX document class
(/usr/local/texlive/2019/texmf-dist/tex/latex/base/bk10.clo
File: bk10.clo 2018/09/03 v1.4i Standard LaTeX file (size option)
)
\c@part=\count80
\c@chapter=\count81
\c@section=\count82
\c@subsection=\count83
\c@subsubsection=\count84
\c@paragraph=\count85
\c@subparagraph=\count86
\c@figure=\count87
\c@table=\count88
\abovecaptionskip=\skip41
\belowcaptionskip=\skip42
\bibindent=\dimen102
) (/usr/local/texlive/2019/texmf-dist/tex/latex/lm/lmodern.sty
Package: lmodern 2009/10/30 v1.6 Latin Modern Fonts
LaTeX Font Info:    Overwriting symbol font `operators' in version `normal'
(Font)                  OT1/cmr/m/n --> OT1/lmr/m/n on input line 22.
LaTeX Font Info:    Overwriting symbol font `letters' in version `normal'
(Font)                  OML/cmm/m/it --> OML/lmm/m/it on input line 23.
LaTeX Font Info:    Overwriting symbol font `symbols' in version `normal'
(Font)                  OMS/cmsy/m/n --> OMS/lmsy/m/n on input line 24.
LaTeX Font Info:    Overwriting symbol font `largesymbols' in version `normal'
(Font)                  OMX/cmex/m/n --> OMX/lmex/m/n on input line 25.
LaTeX Font Info:    Overwriting symbol font `operators' in version `bold'
(Font)                  OT1/cmr/bx/n --> OT1/lmr/bx/n on input line 26.
LaTeX Font Info:    Overwriting symbol font `letters' in version `bold'
(Font)                  OML/cmm/b/it --> OML/lmm/b/it on input line 27.
LaTeX Font Info:    Overwriting symbol font `symbols' in version `bold'
(Font)                  OMS/cmsy/b/n --> OMS/lmsy/b/n on input line 28.
LaTeX Font Info:    Overwriting symbol font `largesymbols' in version `bold'
(Font)                  OMX/cmex/m/n --> OMX/lmex/m/n on input line 29.
LaTeX Font Info:    Overwriting math alphabet `\mathbf' in version `normal'
(Font)                  OT1/cmr/bx/n --> OT1/lmr/bx/n on input line 31.
LaTeX Font Info:    Overwriting math alphabet `\mathsf' in version `normal'
(Font)                  OT1/cmss/m/n --> OT1/lmss/m/n on input line 32.
LaTeX Font Info:    Overwriting math alphabet `\mathit' in version `normal'
(Font)                  OT1/cmr/m/it --> OT1/lmr/m/it on input line 33.
LaTeX Font Info:    Overwriting math alphabet `\mathtt' in version `normal'
(Font)                  OT1/cmtt/m/n --> OT1/lmtt/m/n on input line 34.
LaTeX Font Info:    Overwriting math alphabet `\mathbf' in version `bold'
(Font)                  OT1/cmr/bx/n --> OT1/lmr/bx/n on input line 35.
LaTeX Font Info:    Overwriting math alphabet `\mathsf' in version `bold'
(Font)                  OT1/cmss/bx/n --> OT1/lmss/bx/n on input line 36.
LaTeX Font Info:    Overwriting math alphabet `\mathit' in version `bold'
(Font)                  OT1/cmr/bx/it --> OT1/lmr/bx/it on input line 37.
LaTeX Font Info:    Overwriting math alphabet `\mathtt' in version `bold'
(Font)                  OT1/cmtt/m/n --> OT1/lmtt/m/n on input line 38.
) (/usr/local/texlive/2019/texmf-dist/tex/latex/setspace/setspace.sty
Package: setspace 2011/12/19 v6.7a set line spacing
) (/usr/local/texlive/2019/texmf-dist/tex/latex/amsfonts/amssymb.sty
Package: amssymb 2013/01/14 v3.01 AMS font symbols
(/usr/local/texlive/2019/texmf-dist/tex/latex/amsfonts/amsfonts.sty
Package: amsfonts 2013/01/14 v3.01 Basic AMSFonts support
\@emptytoks=\toks14
\symAMSa=\mathgroup4
\symAMSb=\mathgroup5
LaTeX Font Info:    Overwriting math alphabet `\mathfrak' in version `bold'
(Font)                  U/euf/m/n --> U/euf/b/n on input line 106.
)) (/usr/local/texlive/2019/texmf-dist/tex/latex/amsmath/amsmath.sty
Package: amsmath 2018/12/01 v2.17b AMS math features
\@mathmargin=\skip43
For additional information on amsmath, use the `?' option.
(/usr/local/texlive/2019/texmf-dist/tex/latex/amsmath/amstext.sty
Package: amstext 2000/06/29 v2.01 AMS text
(/usr/local/texlive/2019/texmf-dist/tex/latex/amsmath/amsgen.sty
File: amsgen.sty 1999/11/30 v2.0 generic functions
\@emptytoks=\toks15
\ex@=\dimen103
)) (/usr/local/texlive/2019/texmf-dist/tex/latex/amsmath/amsbsy.sty
Package: amsbsy 1999/11/29 v1.2d Bold Symbols
\pmbraise@=\dimen104
) (/usr/local/texlive/2019/texmf-dist/tex/latex/amsmath/amsopn.sty
Package: amsopn 2016/03/08 v2.02 operator names
)
\inf@bad=\count89
LaTeX Info: Redefining \frac on input line 223.
\uproot@=\count90
\leftroot@=\count91
LaTeX Info: Redefining \overline on input line 385.
\classnum@=\count92
\DOTSCASE@=\count93
LaTeX Info: Redefining \ldots on input line 482.
LaTeX Info: Redefining \dots on input line 485.
LaTeX Info: Redefining \cdots on input line 606.
\Mathstrutbox@=\box27
\strutbox@=\box28
\big@size=\dimen105
LaTeX Font Info:    Redeclaring font encoding OML on input line 729.
LaTeX Font Info:    Redeclaring font encoding OMS on input line 730.
\macc@depth=\count94
\c@MaxMatrixCols=\count95
\dotsspace@=\muskip10
\c@parentequation=\count96
\dspbrk@lvl=\count97
\tag@help=\toks16
\row@=\count98
\column@=\count99
\maxfields@=\count100
\andhelp@=\toks17
\eqnshift@=\dimen106
\alignsep@=\dimen107
\tagshift@=\dimen108
\tagwidth@=\dimen109
\totwidth@=\dimen110
\lineht@=\dimen111
\@envbody=\toks18
\multlinegap=\skip44
\multlinetaggap=\skip45
\mathdisplay@stack=\toks19
LaTeX Info: Redefining \[ on input line 2844.
LaTeX Info: Redefining \] on input line 2845.
) (/usr/local/texlive/2019/texmf-dist/tex/generic/ifxetex/ifxetex.sty
Package: ifxetex 2010/09/12 v0.6 Provides ifxetex conditional
) (/usr/local/texlive/2019/texmf-dist/tex/generic/oberdiek/ifluatex.sty
Package: ifluatex 2016/05/16 v1.4 Provides the ifluatex switch (HO)
Package ifluatex Info: LuaTeX not detected.
) (/usr/local/texlive/2019/texmf-dist/tex/latex/unicode-math/unicode-math.sty (
/usr/local/texlive/2019/texmf-dist/tex/latex/l3kernel/expl3.sty
Package: expl3 2019-05-28 L3 programming layer (loader) 
(/usr/local/texlive/2019/texmf-dist/tex/latex/l3kernel/expl3-code.tex
Package: expl3 2019-05-28 L3 programming layer (code)
\c_max_int=\count101
\l_tmpa_int=\count102
\l_tmpb_int=\count103
\g_tmpa_int=\count104
\g_tmpb_int=\count105
\g__kernel_prg_map_int=\count106
\c__ior_term_ior=\count107
\c_log_iow=\count108
\l_iow_line_count_int=\count109
\l__iow_line_target_int=\count110
\l__iow_one_indent_int=\count111
\l__iow_indent_int=\count112
\c_zero_dim=\dimen112
\c_max_dim=\dimen113
\l_tmpa_dim=\dimen114
\l_tmpb_dim=\dimen115
\g_tmpa_dim=\dimen116
\g_tmpb_dim=\dimen117
\c_zero_skip=\skip46
\c_max_skip=\skip47
\l_tmpa_skip=\skip48
\l_tmpb_skip=\skip49
\g_tmpa_skip=\skip50
\g_tmpb_skip=\skip51
\c_zero_muskip=\muskip11
\c_max_muskip=\muskip12
\l_tmpa_muskip=\muskip13
\l_tmpb_muskip=\muskip14
\g_tmpa_muskip=\muskip15
\g_tmpb_muskip=\muskip16
\l_keys_choice_int=\count113
\l__intarray_loop_int=\count114
\c__intarray_sp_dim=\dimen118
\g__intarray_font_int=\count115
\c__fp_leading_shift_int=\count116
\c__fp_middle_shift_int=\count117
\c__fp_trailing_shift_int=\count118
\c__fp_big_leading_shift_int=\count119
\c__fp_big_middle_shift_int=\count120
\c__fp_big_trailing_shift_int=\count121
\c__fp_Bigg_leading_shift_int=\count122
\c__fp_Bigg_middle_shift_int=\count123
\c__fp_Bigg_trailing_shift_int=\count124
\g__fp_array_int=\count125
\l__fp_array_loop_int=\count126
\l__sort_length_int=\count127
\l__sort_min_int=\count128
\l__sort_top_int=\count129
\l__sort_max_int=\count130
\l__sort_true_max_int=\count131
\l__sort_block_int=\count132
\l__sort_begin_int=\count133
\l__sort_end_int=\count134
\l__sort_A_int=\count135
\l__sort_B_int=\count136
\l__sort_C_int=\count137
\l__tl_analysis_normal_int=\count138
\l__tl_analysis_index_int=\count139
\l__tl_analysis_nesting_int=\count140
\l__tl_analysis_type_int=\count141
\l__regex_internal_a_int=\count142
\l__regex_internal_b_int=\count143
\l__regex_internal_c_int=\count144
\l__regex_balance_int=\count145
\l__regex_group_level_int=\count146
\l__regex_mode_int=\count147
\c__regex_cs_in_class_mode_int=\count148
\c__regex_cs_mode_int=\count149
\l__regex_catcodes_int=\count150
\l__regex_default_catcodes_int=\count151
\c__regex_catcode_L_int=\count152
\c__regex_catcode_O_int=\count153
\c__regex_catcode_A_int=\count154
\c__regex_all_catcodes_int=\count155
\l__regex_show_lines_int=\count156
\l__regex_min_state_int=\count157
\l__regex_max_state_int=\count158
\l__regex_left_state_int=\count159
\l__regex_right_state_int=\count160
\l__regex_capturing_group_int=\count161
\l__regex_min_pos_int=\count162
\l__regex_max_pos_int=\count163
\l__regex_curr_pos_int=\count164
\l__regex_start_pos_int=\count165
\l__regex_success_pos_int=\count166
\l__regex_curr_char_int=\count167
\l__regex_curr_catcode_int=\count168
\l__regex_last_char_int=\count169
\l__regex_case_changed_char_int=\count170
\l__regex_curr_state_int=\count171
\l__regex_step_int=\count172
\l__regex_min_active_int=\count173
\l__regex_max_active_int=\count174
\l__regex_replacement_csnames_int=\count175
\l__regex_match_count_int=\count176
\l__regex_min_submatch_int=\count177
\l__regex_submatch_int=\count178
\l__regex_zeroth_submatch_int=\count179
\g__regex_trace_regex_int=\count180
\c_empty_box=\box29
\l_tmpa_box=\box30
\l_tmpb_box=\box31
\g_tmpa_box=\box32
\g_tmpb_box=\box33
\l__box_top_dim=\dimen119
\l__box_bottom_dim=\dimen120
\l__box_left_dim=\dimen121
\l__box_right_dim=\dimen122
\l__box_top_new_dim=\dimen123
\l__box_bottom_new_dim=\dimen124
\l__box_left_new_dim=\dimen125
\l__box_right_new_dim=\dimen126
\l__box_internal_box=\box34
\l__coffin_internal_box=\box35
\l__coffin_internal_dim=\dimen127
\l__coffin_offset_x_dim=\dimen128
\l__coffin_offset_y_dim=\dimen129
\l__coffin_x_dim=\dimen130
\l__coffin_y_dim=\dimen131
\l__coffin_x_prime_dim=\dimen132
\l__coffin_y_prime_dim=\dimen133
\c_empty_coffin=\box36
\l__coffin_aligned_coffin=\box37
\l__coffin_aligned_internal_coffin=\box38
\l_tmpa_coffin=\box39
\l_tmpb_coffin=\box40
\g_tmpa_coffin=\box41
\g_tmpb_coffin=\box42
\l__coffin_bounding_shift_dim=\dimen134
\l__coffin_left_corner_dim=\dimen135
\l__coffin_right_corner_dim=\dimen136
\l__coffin_bottom_corner_dim=\dimen137
\l__coffin_top_corner_dim=\dimen138
\l__coffin_scaled_total_height_dim=\dimen139
\l__coffin_scaled_width_dim=\dimen140
\c__coffin_empty_coffin=\box43
\l__coffin_display_coffin=\box44
\l__coffin_display_coord_coffin=\box45
\l__coffin_display_pole_coffin=\box46
\l__coffin_display_offset_dim=\dimen141
\l__coffin_display_x_dim=\dimen142
\l__coffin_display_y_dim=\dimen143
\g__file_internal_ior=\read1
\l__seq_internal_a_int=\count181
\l__seq_internal_b_int=\count182
\c__deprecation_minus_one=\count183
) (/usr/local/texlive/2019/texmf-dist/tex/latex/l3kernel/l3xdvipdfmx.def
File: l3xdvipdfmx.def 2019-04-06 v L3 Experimental driver: xdvipdfmx
\l__driver_internal_box=\box47
\g__driver_graphics_int=\count184
\g__driver_pdf_object_int=\count185
\g__driver_pdf_annotation_int=\count186
))
Package: unicode-math 2019/03/04 v0.8o Unicode maths in XeLaTeX and LuaLaTeX

(/usr/local/texlive/2019/texmf-dist/tex/latex/unicode-math/unicode-math-xetex.s
ty
Package: unicode-math-xetex 2019/03/04 v0.8o Unicode maths in XeLaTeX and LuaLa
TeX
(/usr/local/texlive/2019/texmf-dist/tex/latex/l3packages/xparse/xparse.sty
Package: xparse 2019-05-28 L3 Experimental document command parser
\l__xparse_current_arg_int=\count187
\g__xparse_grabber_int=\count188
\l__xparse_m_args_int=\count189
\l__xparse_v_nesting_int=\count190
) (/usr/local/texlive/2019/texmf-dist/tex/latex/l3packages/l3keys2e/l3keys2e.st
y
Package: l3keys2e 2019-05-28 LaTeX2e option processing using LaTeX3 keys
) (/usr/local/texlive/2019/texmf-dist/tex/latex/fontspec/fontspec.sty
Package: fontspec 2019/03/15 v2.7c Font selection for XeLaTeX and LuaLaTeX
(/usr/local/texlive/2019/texmf-dist/tex/latex/fontspec/fontspec-xetex.sty
Package: fontspec-xetex 2019/03/15 v2.7c Font selection for XeLaTeX and LuaLaTe
X
\l__fontspec_script_int=\count191
\l__fontspec_language_int=\count192
\l__fontspec_strnum_int=\count193
\l__fontspec_tmp_int=\count194
\l__fontspec_tmpa_int=\count195
\l__fontspec_tmpb_int=\count196
\l__fontspec_tmpc_int=\count197
\l__fontspec_em_int=\count198
\l__fontspec_emdef_int=\count199
\l__fontspec_strong_int=\count266
\l__fontspec_strongdef_int=\count267
\l__fontspec_tmpa_dim=\dimen144
\l__fontspec_tmpb_dim=\dimen145
\l__fontspec_tmpc_dim=\dimen146
(/usr/local/texlive/2019/texmf-dist/tex/latex/base/fontenc.sty
Package: fontenc 2018/08/11 v2.0j Standard LaTeX package
(/usr/local/texlive/2019/texmf-dist/tex/latex/base/tuenc.def
File: tuenc.def 2018/08/11 v2.0j Standard LaTeX file
LaTeX Font Info:    Redeclaring font encoding TU on input line 82.
)) (/usr/local/texlive/2019/texmf-dist/tex/latex/fontspec/fontspec.cfg)
LaTeX Info: Redefining \itshape on input line 4051.
LaTeX Info: Redefining \slshape on input line 4056.
LaTeX Info: Redefining \scshape on input line 4061.
LaTeX Info: Redefining \upshape on input line 4066.
LaTeX Info: Redefining \em on input line 4096.
LaTeX Info: Redefining \emph on input line 4121.
)) (/usr/local/texlive/2019/texmf-dist/tex/latex/filehook/filehook.sty
Package: filehook 2011/10/12 v0.5d Hooks for input files
) (/usr/local/texlive/2019/texmf-dist/tex/latex/base/fix-cm.sty
Package: fix-cm 2015/01/14 v1.1t fixes to LaTeX
(/usr/local/texlive/2019/texmf-dist/tex/latex/base/ts1enc.def
File: ts1enc.def 2001/06/05 v3.0e (jk/car/fm) Standard LaTeX file
))
\g__um_fam_int=\count268
\g__um_fonts_used_int=\count269
\l__um_primecount_int=\count270
\g__um_primekern_muskip=\muskip17

(/usr/local/texlive/2019/texmf-dist/tex/latex/unicode-math/unicode-math-table.t
ex)

Package unicode-math Info: I'm going to patch macro \subarray.


Package unicode-math Info: I'm going to patch macro \r@@t.

)) (/usr/local/texlive/2019/texmf-dist/tex/latex/upquote/upquote.sty
Package: upquote 2012/04/19 v1.3 upright-quote and grave-accent glyphs in verba
tim
(/usr/local/texlive/2019/texmf-dist/tex/latex/base/textcomp.sty
Package: textcomp 2018/08/11 v2.0j Standard LaTeX package
Package textcomp Info: Sub-encoding information:
(textcomp)               5 = only ISO-Adobe without \textcurrency
(textcomp)               4 = 5 + \texteuro
(textcomp)               3 = 4 + \textohm
(textcomp)               2 = 3 + \textestimated + \textcurrency
(textcomp)               1 = TS1 - \textcircled - \t
(textcomp)               0 = TS1 (full)
(textcomp)             Font families with sub-encoding setting implement
(textcomp)             only a restricted character set as indicated.
(textcomp)             Family '?' is the default used for unknown fonts.
(textcomp)             See the documentation for details.
Package textcomp Info: Setting ? sub-encoding to TS1/1 on input line 79.
(/usr/local/texlive/2019/texmf-dist/tex/latex/base/ts1enc.def
File: ts1enc.def 2001/06/05 v3.0e (jk/car/fm) Standard LaTeX file
LaTeX Font Info:    Redeclaring font encoding TS1 on input line 47.
)
LaTeX Info: Redefining \oldstylenums on input line 334.
Package textcomp Info: Setting cmr sub-encoding to TS1/0 on input line 349.
Package textcomp Info: Setting cmss sub-encoding to TS1/0 on input line 350.
Package textcomp Info: Setting cmtt sub-encoding to TS1/0 on input line 351.
Package textcomp Info: Setting cmvtt sub-encoding to TS1/0 on input line 352.
Package textcomp Info: Setting cmbr sub-encoding to TS1/0 on input line 353.
Package textcomp Info: Setting cmtl sub-encoding to TS1/0 on input line 354.
Package textcomp Info: Setting ccr sub-encoding to TS1/0 on input line 355.
Package textcomp Info: Setting ptm sub-encoding to TS1/4 on input line 356.
Package textcomp Info: Setting pcr sub-encoding to TS1/4 on input line 357.
Package textcomp Info: Setting phv sub-encoding to TS1/4 on input line 358.
Package textcomp Info: Setting ppl sub-encoding to TS1/3 on input line 359.
Package textcomp Info: Setting pag sub-encoding to TS1/4 on input line 360.
Package textcomp Info: Setting pbk sub-encoding to TS1/4 on input line 361.
Package textcomp Info: Setting pnc sub-encoding to TS1/4 on input line 362.
Package textcomp Info: Setting pzc sub-encoding to TS1/4 on input line 363.
Package textcomp Info: Setting bch sub-encoding to TS1/4 on input line 364.
Package textcomp Info: Setting put sub-encoding to TS1/5 on input line 365.
Package textcomp Info: Setting uag sub-encoding to TS1/5 on input line 366.
Package textcomp Info: Setting ugq sub-encoding to TS1/5 on input line 367.
Package textcomp Info: Setting ul8 sub-encoding to TS1/4 on input line 368.
Package textcomp Info: Setting ul9 sub-encoding to TS1/4 on input line 369.
Package textcomp Info: Setting augie sub-encoding to TS1/5 on input line 370.
Package textcomp Info: Setting dayrom sub-encoding to TS1/3 on input line 371.
Package textcomp Info: Setting dayroms sub-encoding to TS1/3 on input line 372.

Package textcomp Info: Setting pxr sub-encoding to TS1/0 on input line 373.
Package textcomp Info: Setting pxss sub-encoding to TS1/0 on input line 374.
Package textcomp Info: Setting pxtt sub-encoding to TS1/0 on input line 375.
Package textcomp Info: Setting txr sub-encoding to TS1/0 on input line 376.
Package textcomp Info: Setting txss sub-encoding to TS1/0 on input line 377.
Package textcomp Info: Setting txtt sub-encoding to TS1/0 on input line 378.
Package textcomp Info: Setting lmr sub-encoding to TS1/0 on input line 379.
Package textcomp Info: Setting lmdh sub-encoding to TS1/0 on input line 380.
Package textcomp Info: Setting lmss sub-encoding to TS1/0 on input line 381.
Package textcomp Info: Setting lmssq sub-encoding to TS1/0 on input line 382.
Package textcomp Info: Setting lmvtt sub-encoding to TS1/0 on input line 383.
Package textcomp Info: Setting lmtt sub-encoding to TS1/0 on input line 384.
Package textcomp Info: Setting qhv sub-encoding to TS1/0 on input line 385.
Package textcomp Info: Setting qag sub-encoding to TS1/0 on input line 386.
Package textcomp Info: Setting qbk sub-encoding to TS1/0 on input line 387.
Package textcomp Info: Setting qcr sub-encoding to TS1/0 on input line 388.
Package textcomp Info: Setting qcs sub-encoding to TS1/0 on input line 389.
Package textcomp Info: Setting qpl sub-encoding to TS1/0 on input line 390.
Package textcomp Info: Setting qtm sub-encoding to TS1/0 on input line 391.
Package textcomp Info: Setting qzc sub-encoding to TS1/0 on input line 392.
Package textcomp Info: Setting qhvc sub-encoding to TS1/0 on input line 393.
Package textcomp Info: Setting futs sub-encoding to TS1/4 on input line 394.
Package textcomp Info: Setting futx sub-encoding to TS1/4 on input line 395.
Package textcomp Info: Setting futj sub-encoding to TS1/4 on input line 396.
Package textcomp Info: Setting hlh sub-encoding to TS1/3 on input line 397.
Package textcomp Info: Setting hls sub-encoding to TS1/3 on input line 398.
Package textcomp Info: Setting hlst sub-encoding to TS1/3 on input line 399.
Package textcomp Info: Setting hlct sub-encoding to TS1/5 on input line 400.
Package textcomp Info: Setting hlx sub-encoding to TS1/5 on input line 401.
Package textcomp Info: Setting hlce sub-encoding to TS1/5 on input line 402.
Package textcomp Info: Setting hlcn sub-encoding to TS1/5 on input line 403.
Package textcomp Info: Setting hlcw sub-encoding to TS1/5 on input line 404.
Package textcomp Info: Setting hlcf sub-encoding to TS1/5 on input line 405.
Package textcomp Info: Setting pplx sub-encoding to TS1/3 on input line 406.
Package textcomp Info: Setting pplj sub-encoding to TS1/3 on input line 407.
Package textcomp Info: Setting ptmx sub-encoding to TS1/4 on input line 408.
Package textcomp Info: Setting ptmj sub-encoding to TS1/4 on input line 409.
)) (/usr/local/texlive/2019/texmf-dist/tex/latex/microtype/microtype.sty
Package: microtype 2019/02/28 v2.7b Micro-typographical refinements (RS)
(/usr/local/texlive/2019/texmf-dist/tex/latex/graphics/keyval.sty
Package: keyval 2014/10/28 v1.15 key=value parser (DPC)
\KV@toks@=\toks20
)
\MT@toks=\toks21
\MT@count=\count271
LaTeX Info: Redefining \textls on input line 790.
\MT@outer@kern=\dimen147
LaTeX Info: Redefining \textmicrotypecontext on input line 1336.
\MT@listname@count=\count272
(/usr/local/texlive/2019/texmf-dist/tex/latex/microtype/microtype-xetex.def
File: microtype-xetex.def 2019/02/28 v2.7b Definitions specific to xetex (RS)
LaTeX Info: Redefining \lsstyle on input line 258.
)
Package microtype Info: Loading configuration file microtype.cfg.
(/usr/local/texlive/2019/texmf-dist/tex/latex/microtype/microtype.cfg
File: microtype.cfg 2019/02/28 v2.7b microtype main configuration file (RS)
)) (/usr/local/texlive/2019/texmf-dist/tex/latex/parskip/parskip.sty
Package: parskip 2019-01-16 v2.0c non-zero parskip adjustments
(/usr/local/texlive/2019/texmf-dist/tex/latex/oberdiek/kvoptions.sty
Package: kvoptions 2016/05/16 v3.12 Key value format for package options (HO)
(/usr/local/texlive/2019/texmf-dist/tex/generic/oberdiek/ltxcmds.sty
Package: ltxcmds 2016/05/16 v1.23 LaTeX kernel commands for general use (HO)
) (/usr/local/texlive/2019/texmf-dist/tex/generic/oberdiek/kvsetkeys.sty
Package: kvsetkeys 2016/05/16 v1.17 Key value parser (HO)
(/usr/local/texlive/2019/texmf-dist/tex/generic/oberdiek/infwarerr.sty
Package: infwarerr 2016/05/16 v1.4 Providing info/warning/error messages (HO)
) (/usr/local/texlive/2019/texmf-dist/tex/generic/oberdiek/etexcmds.sty
Package: etexcmds 2016/05/16 v1.6 Avoid name clashes with e-TeX commands (HO)
))) (/usr/local/texlive/2019/texmf-dist/tex/latex/etoolbox/etoolbox.sty
Package: etoolbox 2018/08/19 v2.5f e-TeX tools for LaTeX (JAW)
\etb@tempcnta=\count273
)) (/usr/local/texlive/2019/texmf-dist/tex/latex/xcolor/xcolor.sty
Package: xcolor 2016/05/11 v2.12 LaTeX color extensions (UK)
(/usr/local/texlive/2019/texmf-dist/tex/latex/graphics-cfg/color.cfg
File: color.cfg 2016/01/02 v1.6 sample color configuration
)
Package xcolor Info: Driver file: xetex.def on input line 225.
(/usr/local/texlive/2019/texmf-dist/tex/latex/graphics-def/xetex.def
File: xetex.def 2017/06/24 v5.0h Graphics/color driver for xetex
)
Package xcolor Info: Model `cmy' substituted by `cmy0' on input line 1348.
Package xcolor Info: Model `RGB' extended on input line 1364.
Package xcolor Info: Model `HTML' substituted by `rgb' on input line 1366.
Package xcolor Info: Model `Hsb' substituted by `hsb' on input line 1367.
Package xcolor Info: Model `tHsb' substituted by `hsb' on input line 1368.
Package xcolor Info: Model `HSB' substituted by `hsb' on input line 1369.
Package xcolor Info: Model `Gray' substituted by `gray' on input line 1370.
Package xcolor Info: Model `wave' substituted by `hsb' on input line 1371.
(/usr/local/texlive/2019/texmf-dist/tex/latex/graphics/dvipsnam.def
File: dvipsnam.def 2016/06/17 v3.0m Driver-dependent file (DPC,SPQR)
) (/usr/local/texlive/2019/texmf-dist/tex/latex/xcolor/svgnam.def
File: svgnam.def 2016/05/11 v2.12 Predefined colors according to SVG 1.1 (UK)
) (/usr/local/texlive/2019/texmf-dist/tex/latex/xcolor/x11nam.def
File: x11nam.def 2016/05/11 v2.12 Predefined colors according to Unix/X11 (UK)
)) (/usr/local/texlive/2019/texmf-dist/tex/latex/xurl/xurl.sty
Package: xurl 2018/12/23 v 0.07 modify URL breaks
(/usr/local/texlive/2019/texmf-dist/tex/latex/url/url.sty
\Urlmuskip=\muskip18
Package: url 2013/09/16  ver 3.4  Verb mode for urls, etc.
)) (/usr/local/texlive/2019/texmf-dist/tex/latex/oberdiek/bookmark.sty
Package: bookmark 2016/05/17 v1.26 PDF bookmarks (HO)
(/usr/local/texlive/2019/texmf-dist/tex/generic/oberdiek/pdfescape.sty
Package: pdfescape 2016/05/16 v1.14 Implements pdfTeX's escape features (HO)
(/usr/local/texlive/2019/texmf-dist/tex/generic/oberdiek/pdftexcmds.sty
Package: pdftexcmds 2018/09/10 v0.29 Utility functions of pdfTeX for LuaTeX (HO
)
(/usr/local/texlive/2019/texmf-dist/tex/generic/oberdiek/ifpdf.sty
Package: ifpdf 2018/09/07 v3.3 Provides the ifpdf switch
)
Package pdftexcmds Info: LuaTeX not detected.
Package pdftexcmds Info: pdfTeX >= 1.30 not detected.
Package pdftexcmds Info: \pdf@primitive is available.
Package pdftexcmds Info: \pdf@ifprimitive is available.
Package pdftexcmds Info: \pdfdraftmode not found.
)) (/usr/local/texlive/2019/texmf-dist/tex/generic/oberdiek/ifvtex.sty
Package: ifvtex 2016/05/16 v1.6 Detect VTeX and its facilities (HO)
Package ifvtex Info: VTeX not detected.
) (/usr/local/texlive/2019/texmf-dist/tex/latex/hyperref/hyperref.sty
Package: hyperref 2018/11/30 v6.88e Hypertext links for LaTeX
(/usr/local/texlive/2019/texmf-dist/tex/generic/oberdiek/hobsub-hyperref.sty
Package: hobsub-hyperref 2016/05/16 v1.14 Bundle oberdiek, subset hyperref (HO)

(/usr/local/texlive/2019/texmf-dist/tex/generic/oberdiek/hobsub-generic.sty
Package: hobsub-generic 2016/05/16 v1.14 Bundle oberdiek, subset generic (HO)
Package: hobsub 2016/05/16 v1.14 Construct package bundles (HO)
Package hobsub Info: Skipping package `infwarerr' (already loaded).
Package hobsub Info: Skipping package `ltxcmds' (already loaded).
Package hobsub Info: Skipping package `ifluatex' (already loaded).
Package hobsub Info: Skipping package `ifvtex' (already loaded).
Package: intcalc 2016/05/16 v1.2 Expandable calculations with integers (HO)
Package hobsub Info: Skipping package `ifpdf' (already loaded).
Package hobsub Info: Skipping package `etexcmds' (already loaded).
Package hobsub Info: Skipping package `kvsetkeys' (already loaded).
Package: kvdefinekeys 2016/05/16 v1.4 Define keys (HO)
Package hobsub Info: Skipping package `pdftexcmds' (already loaded).
Package hobsub Info: Skipping package `pdfescape' (already loaded).
Package: bigintcalc 2016/05/16 v1.4 Expandable calculations on big integers (HO
)
Package: bitset 2016/05/16 v1.2 Handle bit-vector datatype (HO)
Package: uniquecounter 2016/05/16 v1.3 Provide unlimited unique counter (HO)
)
Package hobsub Info: Skipping package `hobsub' (already loaded).
Package: letltxmacro 2016/05/16 v1.5 Let assignment for LaTeX macros (HO)
Package: hopatch 2016/05/16 v1.3 Wrapper for package hooks (HO)
Package: xcolor-patch 2016/05/16 xcolor patch
Package: atveryend 2016/05/16 v1.9 Hooks at the very end of document (HO)
Package: atbegshi 2016/06/09 v1.18 At begin shipout hook (HO)
Package: refcount 2016/05/16 v3.5 Data extraction from label references (HO)
Package: hycolor 2016/05/16 v1.8 Color options for hyperref/bookmark (HO)
) (/usr/local/texlive/2019/texmf-dist/tex/latex/oberdiek/auxhook.sty
Package: auxhook 2016/05/16 v1.4 Hooks for auxiliary files (HO)
)
\@linkdim=\dimen148
\Hy@linkcounter=\count274
\Hy@pagecounter=\count275
(/usr/local/texlive/2019/texmf-dist/tex/latex/hyperref/pd1enc.def
File: pd1enc.def 2018/11/30 v6.88e Hyperref: PDFDocEncoding definition (HO)
)
\Hy@SavedSpaceFactor=\count276
(/usr/local/texlive/2019/texmf-dist/tex/latex/latexconfig/hyperref.cfg
File: hyperref.cfg 2002/06/06 v1.2 hyperref configuration of TeXLive
)
Package hyperref Info: Option `unicode' set `true' on input line 4393.
(/usr/local/texlive/2019/texmf-dist/tex/latex/hyperref/puenc.def
File: puenc.def 2018/11/30 v6.88e Hyperref: PDF Unicode definition (HO)
)
Package hyperref Info: Hyper figures OFF on input line 4519.
Package hyperref Info: Link nesting OFF on input line 4524.
Package hyperref Info: Hyper index ON on input line 4527.
Package hyperref Info: Plain pages OFF on input line 4534.
Package hyperref Info: Backreferencing OFF on input line 4539.
Package hyperref Info: Implicit mode ON; LaTeX internals redefined.
Package hyperref Info: Bookmarks ON on input line 4772.
\c@Hy@tempcnt=\count277
LaTeX Info: Redefining \url on input line 5125.
\XeTeXLinkMargin=\dimen149
\Fld@menulength=\count278
\Field@Width=\dimen150
\Fld@charsize=\dimen151
Package hyperref Info: Hyper figures OFF on input line 6380.
Package hyperref Info: Link nesting OFF on input line 6385.
Package hyperref Info: Hyper index ON on input line 6388.
Package hyperref Info: backreferencing OFF on input line 6395.
Package hyperref Info: Link coloring OFF on input line 6400.
Package hyperref Info: Link coloring with OCG OFF on input line 6405.
Package hyperref Info: PDF/A mode OFF on input line 6410.
LaTeX Info: Redefining \ref on input line 6450.
LaTeX Info: Redefining \pageref on input line 6454.
\Hy@abspage=\count279
\c@Item=\count280
\c@Hfootnote=\count281
)
Package hyperref Info: Driver (autodetected): hxetex.
(/usr/local/texlive/2019/texmf-dist/tex/latex/hyperref/hxetex.def
File: hxetex.def 2018/11/30 v6.88e Hyperref driver for XeTeX
(/usr/local/texlive/2019/texmf-dist/tex/generic/oberdiek/stringenc.sty
Package: stringenc 2016/05/16 v1.11 Convert strings between diff. encodings (HO
)
)
\pdfm@box=\box48
\c@Hy@AnnotLevel=\count282
\HyField@AnnotCount=\count283
\Fld@listcount=\count284
\c@bookmark@seq@number=\count285
(/usr/local/texlive/2019/texmf-dist/tex/latex/oberdiek/rerunfilecheck.sty
Package: rerunfilecheck 2016/05/16 v1.8 Rerun checks for auxiliary files (HO)
Package uniquecounter Info: New unique counter `rerunfilecheck' on input line 2
82.
)
\Hy@SectionHShift=\skip52
) (/usr/local/texlive/2019/texmf-dist/tex/latex/oberdiek/bkm-dvipdfm.def
File: bkm-dvipdfm.def 2016/05/17 v1.26 bookmark driver for dvipdfm (HO)
\BKM@id=\count286
))
Package hyperref Info: Option `colorlinks' set `true' on input line 48.
(/usr/local/texlive/2019/texmf-dist/tex/latex/tools/longtable.sty
Package: longtable 2014/10/28 v4.11 Multi-page Table package (DPC)+ FMi change
\LTleft=\skip53
\LTright=\skip54
\LTpre=\skip55
\LTpost=\skip56
\LTchunksize=\count287
\LTcapwidth=\dimen152
\LT@head=\box49
\LT@firsthead=\box50
\LT@foot=\box51
\LT@lastfoot=\box52
\LT@cols=\count288
\LT@rows=\count289
\c@LT@tables=\count290
\c@LT@chunks=\count291
\LT@p@ftn=\toks22
) (/usr/local/texlive/2019/texmf-dist/tex/latex/booktabs/booktabs.sty
Package: booktabs 2016/04/27 v1.618033 publication quality tables
\heavyrulewidth=\dimen153
\lightrulewidth=\dimen154
\cmidrulewidth=\dimen155
\belowrulesep=\dimen156
\belowbottomsep=\dimen157
\aboverulesep=\dimen158
\abovetopsep=\dimen159
\cmidrulesep=\dimen160
\cmidrulekern=\dimen161
\defaultaddspace=\dimen162
\@cmidla=\count292
\@cmidlb=\count293
\@aboverulesep=\dimen163
\@belowrulesep=\dimen164
\@thisruleclass=\count294
\@lastruleclass=\count295
\@thisrulewidth=\dimen165
) (/usr/local/texlive/2019/texmf-dist/tex/latex/footnotehyper/footnotehyper.sty
Package: footnotehyper 2018/01/23 v1.1 hyperref aware footnote.sty (JFB)
\FNH@notes=\box53
\FNH@width=\dimen166
) (/usr/local/texlive/2019/texmf-dist/tex/latex/graphics/graphicx.sty
Package: graphicx 2017/06/01 v1.1a Enhanced LaTeX Graphics (DPC,SPQR)
(/usr/local/texlive/2019/texmf-dist/tex/latex/graphics/graphics.sty
Package: graphics 2017/06/25 v1.2c Standard LaTeX Graphics (DPC,SPQR)
(/usr/local/texlive/2019/texmf-dist/tex/latex/graphics/trig.sty
Package: trig 2016/01/03 v1.10 sin cos tan (DPC)
) (/usr/local/texlive/2019/texmf-dist/tex/latex/graphics-cfg/graphics.cfg
File: graphics.cfg 2016/06/04 v1.11 sample graphics configuration
)
Package graphics Info: Driver file: xetex.def on input line 99.
)
\Gin@req@height=\dimen167
\Gin@req@width=\dimen168
) (/usr/local/texlive/2019/texmf-dist/tex/generic/ulem/ulem.sty
\UL@box=\box54
\UL@hyphenbox=\box55
\UL@skip=\skip57
\UL@hook=\toks23
\UL@height=\dimen169
\UL@pe=\count296
\UL@pixel=\dimen170
\ULC@box=\box56
Package: ulem 2012/05/18
\ULdepth=\dimen171
) (/usr/local/texlive/2019/texmf-dist/tex/latex/float/float.sty
Package: float 2001/11/08 v1.3d Float enhancements (AL)
\c@float@type=\count297
\float@exts=\toks24
\float@box=\box57
\@float@everytoks=\toks25
\@floatcapt=\box58
) (/usr/local/texlive/2019/texmf-dist/tex/latex/colortbl/colortbl.sty
Package: colortbl 2018/12/12 v1.0d Color table columns (DPC)
(/usr/local/texlive/2019/texmf-dist/tex/latex/tools/array.sty
Package: array 2018/12/30 v2.4k Tabular extension package (FMi)
\col@sep=\dimen172
\ar@mcellbox=\box59
\extrarowheight=\dimen173
\NC@list=\toks26
\extratabsurround=\skip58
\backup@length=\skip59
\ar@cellbox=\box60
)
\everycr=\toks27
\minrowclearance=\skip60
) (/usr/local/texlive/2019/texmf-dist/tex/latex/multirow/multirow.sty
Package: multirow 2019/05/31 v2.5 Span multiple rows of a table
\multirow@colwidth=\skip61
\multirow@cntb=\count298
\multirow@dima=\skip62
\bigstrutjot=\dimen174
) (/usr/local/texlive/2019/texmf-dist/tex/latex/amscls/amsthm.sty
Package: amsthm 2017/10/31 v2.20.4
\thm@style=\toks28
\thm@bodyfont=\toks29
\thm@headfont=\toks30
\thm@notefont=\toks31
\thm@headpunct=\toks32
\thm@preskip=\skip63
\thm@postskip=\skip64
\thm@headsep=\skip65
\dth@everypar=\toks33
) (/usr/local/texlive/2019/texmf-dist/tex/latex/enumitem/enumitem.sty
Package: enumitem 2019/02/04 v3.8 Customized lists
\labelindent=\skip66
\enit@outerparindent=\dimen175
\enit@toks=\toks34
\enit@inbox=\box61
\enit@count@id=\count299
\enitdp@description=\count300
) (/usr/local/texlive/2019/texmf-dist/tex/latex/vmargin/vmargin.sty
Package: vmargin 2004/07/15 V2.5 set document margins (VK)
Package: vmargin 2004/07/15 V2.5 set document margins (VK)
\PaperWidth=\dimen176
\PaperHeight=\dimen177
) (/usr/local/texlive/2019/texmf-dist/tex/latex/fancyhdr/fancyhdr.sty
Package: fancyhdr 2019/01/31 v3.10 Extensive control of page headers and footer
s
\f@nch@headwidth=\skip67
\f@nch@O@elh=\skip68
\f@nch@O@erh=\skip69
\f@nch@O@olh=\skip70
\f@nch@O@orh=\skip71
\f@nch@O@elf=\skip72
\f@nch@O@erf=\skip73
\f@nch@O@olf=\skip74
\f@nch@O@orf=\skip75
) (./thesis.aux)
\openout1 = `thesis.aux'.

LaTeX Font Info:    Checking defaults for OML/cmm/m/it on input line 147.
LaTeX Font Info:    ... okay on input line 147.
LaTeX Font Info:    Checking defaults for T1/cmr/m/n on input line 147.
LaTeX Font Info:    ... okay on input line 147.
LaTeX Font Info:    Checking defaults for OT1/cmr/m/n on input line 147.
LaTeX Font Info:    ... okay on input line 147.
LaTeX Font Info:    Checking defaults for OMS/cmsy/m/n on input line 147.
LaTeX Font Info:    ... okay on input line 147.
LaTeX Font Info:    Checking defaults for TU/lmr/m/n on input line 147.
LaTeX Font Info:    ... okay on input line 147.
LaTeX Font Info:    Checking defaults for OMX/cmex/m/n on input line 147.
LaTeX Font Info:    ... okay on input line 147.
LaTeX Font Info:    Checking defaults for U/cmr/m/n on input line 147.
LaTeX Font Info:    ... okay on input line 147.
LaTeX Font Info:    Checking defaults for TS1/cmr/m/n on input line 147.
LaTeX Font Info:    ... okay on input line 147.
LaTeX Font Info:    Checking defaults for PD1/pdf/m/n on input line 147.
LaTeX Font Info:    ... okay on input line 147.
LaTeX Font Info:    Checking defaults for PU/pdf/m/n on input line 147.
LaTeX Font Info:    ... okay on input line 147.
LaTeX Font Info:    Overwriting math alphabet `\mathrm' in version `normal'
(Font)                  OT1/lmr/m/n --> TU/lmr/m/n on input line 147.
LaTeX Font Info:    Overwriting math alphabet `\mathit' in version `normal'
(Font)                  OT1/lmr/m/it --> TU/lmr/m/it on input line 147.
LaTeX Font Info:    Overwriting math alphabet `\mathbf' in version `normal'
(Font)                  OT1/lmr/bx/n --> TU/lmr/bx/n on input line 147.
LaTeX Font Info:    Overwriting math alphabet `\mathsf' in version `normal'
(Font)                  OT1/lmss/m/n --> TU/lmss/m/n on input line 147.
LaTeX Font Info:    Overwriting math alphabet `\mathsf' in version `bold'
(Font)                  OT1/lmss/bx/n --> TU/lmss/bx/n on input line 147.
LaTeX Font Info:    Overwriting math alphabet `\mathtt' in version `normal'
(Font)                  OT1/lmtt/m/n --> TU/lmtt/m/n on input line 147.
LaTeX Font Info:    Overwriting math alphabet `\mathtt' in version `bold'
(Font)                  OT1/lmtt/m/n --> TU/lmtt/bx/n on input line 147.

Package fontspec Info: latinmodern-math scale = 1.


Package fontspec Info: latinmodern-math scale = 1.


Package fontspec Info: latinmodern-math scale = 1.


Package fontspec Info: Font family 'latinmodern-math.otf(0)' created for font
(fontspec)             'latinmodern-math.otf' with options
(fontspec)             [Scale=MatchLowercase,BoldItalicFont={},ItalicFont={},Sm
allCapsFont={},Script=Math,BoldFont={latinmodern-math.otf}].
(fontspec)              
(fontspec)              This font family consists of the following NFSS
(fontspec)             series/shapes:
(fontspec)              
(fontspec)             - 'normal' (m/n) with NFSS spec.:
(fontspec)             <->s*[1]"[latinmodern-math.otf]/OT:script=math;language=
DFLT;"
(fontspec)             - 'small caps'  (m/sc) with NFSS spec.: 
(fontspec)             - 'bold' (bx/n) with NFSS spec.:
(fontspec)             <->s*[1]"[latinmodern-math.otf]/OT:script=math;language=
DFLT;"
(fontspec)             - 'bold small caps'  (bx/sc) with NFSS spec.: 

LaTeX Font Info:    Font shape `TU/latinmodern-math.otf(0)/m/n' will be
(Font)              scaled to size 10.0pt on input line 147.

Package fontspec Info: latinmodern-math scale = 1.


Package fontspec Info: latinmodern-math scale = 1.


Package fontspec Info: latinmodern-math scale = 1.


Package fontspec Info: latinmodern-math scale = 1.


Package fontspec Info: latinmodern-math scale = 1.


Package fontspec Info: Font family 'latinmodern-math.otf(1)' created for font
(fontspec)             'latinmodern-math.otf' with options
(fontspec)             [Scale=MatchLowercase,BoldItalicFont={},ItalicFont={},Sm
allCapsFont={},Script=Math,SizeFeatures={{Size=8.5-},{Size=6-8.5,Font=latinmode
rn-math.otf,Style=MathScript},{Size=-6,Font=latinmodern-math.otf,Style=MathScri
ptScript}},BoldFont={latinmodern-math.otf}].
(fontspec)              
(fontspec)              This font family consists of the following NFSS
(fontspec)             series/shapes:
(fontspec)              
(fontspec)             - 'normal' (m/n) with NFSS spec.:
(fontspec)             <8.5->s*[1]"[latinmodern-math.otf]/OT:script=math;langua
ge=DFLT;"<6-8.5>s*[1]"[latinmodern-math.otf]/OT:script=math;language=DFLT;+ssty
=0;"<-6>s*[1]"[latinmodern-math.otf]/OT:script=math;language=DFLT;+ssty=1;"
(fontspec)             - 'small caps'  (m/sc) with NFSS spec.: 
(fontspec)             - 'bold' (bx/n) with NFSS spec.:
(fontspec)             <->s*[1]"[latinmodern-math.otf]/OT:script=math;language=
DFLT;"
(fontspec)             - 'bold small caps'  (bx/sc) with NFSS spec.: 

LaTeX Font Info:    Font shape `TU/latinmodern-math.otf(1)/m/n' will be
(Font)              scaled to size 10.0pt on input line 147.
LaTeX Font Info:    Encoding `OT1' has changed to `TU' for symbol font
(Font)              `operators' in the math version `normal' on input line 147.

LaTeX Font Info:    Overwriting symbol font `operators' in version `normal'
(Font)                  OT1/lmr/m/n --> TU/latinmodern-math.otf(1)/m/n on input
 line 147.
LaTeX Font Info:    Encoding `OT1' has changed to `TU' for symbol font
(Font)              `operators' in the math version `bold' on input line 147.
LaTeX Font Info:    Overwriting symbol font `operators' in version `bold'
(Font)                  OT1/lmr/bx/n --> TU/latinmodern-math.otf(1)/bx/n on inp
ut line 147.

Package fontspec Info: latinmodern-math scale = 1.


Package fontspec Info: latinmodern-math scale = 1.0001.


Package fontspec Info: latinmodern-math scale = 1.


Package fontspec Info: latinmodern-math scale = 1.0001.


Package fontspec Info: latinmodern-math scale = 1.


Package fontspec Info: latinmodern-math scale = 1.0001.


Package fontspec Info: latinmodern-math scale = 1.


Package fontspec Info: latinmodern-math scale = 1.0001.


Package fontspec Info: latinmodern-math scale = 1.


Package fontspec Info: latinmodern-math scale = 1.0001.


Package fontspec Info: Font family 'latinmodern-math.otf(2)' created for font
(fontspec)             'latinmodern-math.otf' with options
(fontspec)             [Scale=MatchLowercase,BoldItalicFont={},ItalicFont={},Sm
allCapsFont={},Script=Math,SizeFeatures={{Size=8.5-},{Size=6-8.5,Font=latinmode
rn-math.otf,Style=MathScript},{Size=-6,Font=latinmodern-math.otf,Style=MathScri
ptScript}},BoldFont={latinmodern-math.otf},ScaleAgain=1.0001,FontAdjustment={\f
ontdimen
(fontspec)             8\font =6.77pt\relax \fontdimen 9\font =3.94pt\relax
(fontspec)             \fontdimen 10\font =4.44pt\relax \fontdimen 11\font
(fontspec)             =6.86pt\relax \fontdimen 12\font =3.45pt\relax
(fontspec)             \fontdimen 13\font =3.63pt\relax \fontdimen 14\font
(fontspec)             =3.63pt\relax \fontdimen 15\font =2.89pt\relax
(fontspec)             \fontdimen 16\font =2.47pt\relax \fontdimen 17\font
(fontspec)             =2.47pt\relax \fontdimen 18\font =2.5pt\relax
(fontspec)             \fontdimen 19\font =2.0pt\relax \fontdimen 22\font
(fontspec)             =2.5pt\relax \fontdimen 20\font =0pt\relax \fontdimen
(fontspec)             21\font =0pt\relax }].
(fontspec)              
(fontspec)              This font family consists of the following NFSS
(fontspec)             series/shapes:
(fontspec)              
(fontspec)             - 'normal' (m/n) with NFSS spec.:
(fontspec)             <8.5->s*[1.0001]"[latinmodern-math.otf]/OT:script=math;l
anguage=DFLT;"<6-8.5>s*[1.0001]"[latinmodern-math.otf]/OT:script=math;language=
DFLT;+ssty=0;"<-6>s*[1.0001]"[latinmodern-math.otf]/OT:script=math;language=DFL
T;+ssty=1;"
(fontspec)             - 'small caps'  (m/sc) with NFSS spec.: 
(fontspec)             and font adjustment code:
(fontspec)             \fontdimen 8\font =6.77pt\relax \fontdimen 9\font
(fontspec)             =3.94pt\relax \fontdimen 10\font =4.44pt\relax
(fontspec)             \fontdimen 11\font =6.86pt\relax \fontdimen 12\font
(fontspec)             =3.45pt\relax \fontdimen 13\font =3.63pt\relax
(fontspec)             \fontdimen 14\font =3.63pt\relax \fontdimen 15\font
(fontspec)             =2.89pt\relax \fontdimen 16\font =2.47pt\relax
(fontspec)             \fontdimen 17\font =2.47pt\relax \fontdimen 18\font
(fontspec)             =2.5pt\relax \fontdimen 19\font =2.0pt\relax \fontdimen
(fontspec)             22\font =2.5pt\relax \fontdimen 20\font =0pt\relax
(fontspec)             \fontdimen 21\font =0pt\relax 
(fontspec)             - 'bold' (bx/n) with NFSS spec.:
(fontspec)             <->s*[1.0001]"[latinmodern-math.otf]/OT:script=math;lang
uage=DFLT;"
(fontspec)             - 'bold small caps'  (bx/sc) with NFSS spec.: 
(fontspec)             and font adjustment code:
(fontspec)             \fontdimen 8\font =6.77pt\relax \fontdimen 9\font
(fontspec)             =3.94pt\relax \fontdimen 10\font =4.44pt\relax
(fontspec)             \fontdimen 11\font =6.86pt\relax \fontdimen 12\font
(fontspec)             =3.45pt\relax \fontdimen 13\font =3.63pt\relax
(fontspec)             \fontdimen 14\font =3.63pt\relax \fontdimen 15\font
(fontspec)             =2.89pt\relax \fontdimen 16\font =2.47pt\relax
(fontspec)             \fontdimen 17\font =2.47pt\relax \fontdimen 18\font
(fontspec)             =2.5pt\relax \fontdimen 19\font =2.0pt\relax \fontdimen
(fontspec)             22\font =2.5pt\relax \fontdimen 20\font =0pt\relax
(fontspec)             \fontdimen 21\font =0pt\relax 

LaTeX Font Info:    Encoding `OMS' has changed to `TU' for symbol font
(Font)              `symbols' in the math version `normal' on input line 147.
LaTeX Font Info:    Overwriting symbol font `symbols' in version `normal'
(Font)                  OMS/lmsy/m/n --> TU/latinmodern-math.otf(2)/m/n on inpu
t line 147.
LaTeX Font Info:    Encoding `OMS' has changed to `TU' for symbol font
(Font)              `symbols' in the math version `bold' on input line 147.
LaTeX Font Info:    Overwriting symbol font `symbols' in version `bold'
(Font)                  OMS/lmsy/b/n --> TU/latinmodern-math.otf(2)/bx/n on inp
ut line 147.

Package fontspec Info: latinmodern-math scale = 1.


Package fontspec Info: latinmodern-math scale = 0.9999.


Package fontspec Info: latinmodern-math scale = 1.


Package fontspec Info: latinmodern-math scale = 0.9999.


Package fontspec Info: latinmodern-math scale = 1.


Package fontspec Info: latinmodern-math scale = 0.9999.


Package fontspec Info: latinmodern-math scale = 1.


Package fontspec Info: latinmodern-math scale = 0.9999.


Package fontspec Info: latinmodern-math scale = 1.


Package fontspec Info: latinmodern-math scale = 0.9999.


Package fontspec Info: Font family 'latinmodern-math.otf(3)' created for font
(fontspec)             'latinmodern-math.otf' with options
(fontspec)             [Scale=MatchLowercase,BoldItalicFont={},ItalicFont={},Sm
allCapsFont={},Script=Math,SizeFeatures={{Size=8.5-},{Size=6-8.5,Font=latinmode
rn-math.otf,Style=MathScript},{Size=-6,Font=latinmodern-math.otf,Style=MathScri
ptScript}},BoldFont={latinmodern-math.otf},ScaleAgain=0.9999,FontAdjustment={\f
ontdimen
(fontspec)             8\font =0.4pt\relax \fontdimen 9\font =2.0pt\relax
(fontspec)             \fontdimen 10\font =1.67pt\relax \fontdimen 11\font
(fontspec)             =1.11pt\relax \fontdimen 12\font =6.0pt\relax
(fontspec)             \fontdimen 13\font =0pt\relax }].
(fontspec)              
(fontspec)              This font family consists of the following NFSS
(fontspec)             series/shapes:
(fontspec)              
(fontspec)             - 'normal' (m/n) with NFSS spec.:
(fontspec)             <8.5->s*[0.9999]"[latinmodern-math.otf]/OT:script=math;l
anguage=DFLT;"<6-8.5>s*[0.9999]"[latinmodern-math.otf]/OT:script=math;language=
DFLT;+ssty=0;"<-6>s*[0.9999]"[latinmodern-math.otf]/OT:script=math;language=DFL
T;+ssty=1;"
(fontspec)             - 'small caps'  (m/sc) with NFSS spec.: 
(fontspec)             and font adjustment code:
(fontspec)             \fontdimen 8\font =0.4pt\relax \fontdimen 9\font
(fontspec)             =2.0pt\relax \fontdimen 10\font =1.67pt\relax
(fontspec)             \fontdimen 11\font =1.11pt\relax \fontdimen 12\font
(fontspec)             =6.0pt\relax \fontdimen 13\font =0pt\relax 
(fontspec)             - 'bold' (bx/n) with NFSS spec.:
(fontspec)             <->s*[0.9999]"[latinmodern-math.otf]/OT:script=math;lang
uage=DFLT;"
(fontspec)             - 'bold small caps'  (bx/sc) with NFSS spec.: 
(fontspec)             and font adjustment code:
(fontspec)             \fontdimen 8\font =0.4pt\relax \fontdimen 9\font
(fontspec)             =2.0pt\relax \fontdimen 10\font =1.67pt\relax
(fontspec)             \fontdimen 11\font =1.11pt\relax \fontdimen 12\font
(fontspec)             =6.0pt\relax \fontdimen 13\font =0pt\relax 

LaTeX Font Info:    Encoding `OMX' has changed to `TU' for symbol font
(Font)              `largesymbols' in the math version `normal' on input line 1
47.
LaTeX Font Info:    Overwriting symbol font `largesymbols' in version `normal'
(Font)                  OMX/lmex/m/n --> TU/latinmodern-math.otf(3)/m/n on inpu
t line 147.
LaTeX Font Info:    Encoding `OMX' has changed to `TU' for symbol font
(Font)              `largesymbols' in the math version `bold' on input line 147
.
LaTeX Font Info:    Overwriting symbol font `largesymbols' in version `bold'
(Font)                  OMX/lmex/m/n --> TU/latinmodern-math.otf(3)/bx/n on inp
ut line 147.
LaTeX Info: Redefining \microtypecontext on input line 147.
Package microtype Info: Character protrusion enabled (level 2).
Package microtype Info: Using protrusion set `basicmath'.
Package microtype Info: No adjustment of tracking.
Package microtype Info: No adjustment of spacing.
Package microtype Info: No adjustment of kerning.

(/usr/local/texlive/2019/texmf-dist/tex/latex/microtype/mt-LatinModernRoman.cfg
File: mt-LatinModernRoman.cfg 2013/03/13 v1.0 microtype config. file: Latin Mod
ern Roman (RS)
)
\AtBeginShipoutBox=\box62
Package hyperref Info: Link coloring ON on input line 147.
(/usr/local/texlive/2019/texmf-dist/tex/latex/hyperref/nameref.sty
Package: nameref 2016/05/21 v2.44 Cross-referencing by name of section
(/usr/local/texlive/2019/texmf-dist/tex/generic/oberdiek/gettitlestring.sty
Package: gettitlestring 2016/05/16 v1.5 Cleanup title references (HO)
)
\c@section@level=\count301
)
LaTeX Info: Redefining \ref on input line 147.
LaTeX Info: Redefining \pageref on input line 147.
LaTeX Info: Redefining \nameref on input line 147.
LaTeX Font Info:    Font shape `TU/latinmodern-math.otf(1)/m/n' will be
(Font)              scaled to size 12.0pt on input line 149.
LaTeX Font Info:    Font shape `TU/latinmodern-math.otf(1)/m/n' will be
(Font)              scaled to size 8.0pt on input line 149.
LaTeX Font Info:    Font shape `TU/latinmodern-math.otf(1)/m/n' will be
(Font)              scaled to size 6.0pt on input line 149.
LaTeX Font Info:    Try loading font information for OML+lmm on input line 149.

(/usr/local/texlive/2019/texmf-dist/tex/latex/lm/omllmm.fd
File: omllmm.fd 2009/10/30 v1.6 Font defs for Latin Modern
)
LaTeX Font Info:    Font shape `TU/latinmodern-math.otf(2)/m/n' will be
(Font)              scaled to size 12.00128pt on input line 149.
LaTeX Font Info:    Font shape `TU/latinmodern-math.otf(2)/m/n' will be
(Font)              scaled to size 8.00085pt on input line 149.
LaTeX Font Info:    Font shape `TU/latinmodern-math.otf(2)/m/n' will be
(Font)              scaled to size 6.00064pt on input line 149.
LaTeX Font Info:    Font shape `TU/latinmodern-math.otf(3)/m/n' will be
(Font)              scaled to size 11.99872pt on input line 149.
LaTeX Font Info:    Font shape `TU/latinmodern-math.otf(3)/m/n' will be
(Font)              scaled to size 7.99915pt on input line 149.
LaTeX Font Info:    Font shape `TU/latinmodern-math.otf(3)/m/n' will be
(Font)              scaled to size 5.99936pt on input line 149.
LaTeX Font Info:    Try loading font information for U+msa on input line 149.
(/usr/local/texlive/2019/texmf-dist/tex/latex/amsfonts/umsa.fd
File: umsa.fd 2013/01/14 v3.01 AMS symbols A
) (/usr/local/texlive/2019/texmf-dist/tex/latex/microtype/mt-msa.cfg
File: mt-msa.cfg 2006/02/04 v1.1 microtype config. file: AMS symbols (a) (RS)
)
LaTeX Font Info:    Try loading font information for U+msb on input line 149.
(/usr/local/texlive/2019/texmf-dist/tex/latex/amsfonts/umsb.fd
File: umsb.fd 2013/01/14 v3.01 AMS symbols B
) (/usr/local/texlive/2019/texmf-dist/tex/latex/microtype/mt-msb.cfg
File: mt-msb.cfg 2005/06/01 v1.0 microtype config. file: AMS symbols (b) (RS)
) [1


] [2

] (./thesis.toc
LaTeX Font Info:    Font shape `TU/latinmodern-math.otf(1)/m/n' will be
(Font)              scaled to size 7.0pt on input line 4.
LaTeX Font Info:    Font shape `TU/latinmodern-math.otf(1)/m/n' will be
(Font)              scaled to size 5.0pt on input line 4.
LaTeX Font Info:    Font shape `TU/latinmodern-math.otf(2)/m/n' will be
(Font)              scaled to size 10.00107pt on input line 4.
LaTeX Font Info:    Font shape `TU/latinmodern-math.otf(2)/m/n' will be
(Font)              scaled to size 7.00075pt on input line 4.
LaTeX Font Info:    Font shape `TU/latinmodern-math.otf(2)/m/n' will be
(Font)              scaled to size 5.00053pt on input line 4.
LaTeX Font Info:    Font shape `TU/latinmodern-math.otf(3)/m/n' will be
(Font)              scaled to size 9.99893pt on input line 4.
LaTeX Font Info:    Font shape `TU/latinmodern-math.otf(3)/m/n' will be
(Font)              scaled to size 6.99925pt on input line 4.
LaTeX Font Info:    Font shape `TU/latinmodern-math.otf(3)/m/n' will be
(Font)              scaled to size 4.99947pt on input line 4.
[3])
\tf@toc=\write3
\openout3 = `thesis.toc'.

[4] [5

] [6

] [7] [8

]
Chapter 1.
File: figs/population-pryamids-1950-2019.png Graphic file (type bmp)
<figs/population-pryamids-1950-2019.png>
[9]
File: figs/Kontis2017_fig1.jpg Graphic file (type bmp)
<figs/Kontis2017_fig1.jpg>
File: figs/Belikov2019_fig1.jpg Graphic file (type bmp)
<figs/Belikov2019_fig1.jpg>
[10]
File: figs/Fleming2005_fig3.jpg Graphic file (type bmp)
<figs/Fleming2005_fig3.jpg>
[11]
File: figs/Barnett2012_fig1.jpg Graphic file (type bmp)
<figs/Barnett2012_fig1.jpg>
[12] [13] [14]
File: figs/Booth2016_F3_epigenomeHubAgingHallmarks_alpha.png Graphic file (type
 bmp)
<figs/Booth2016_F3_epigenomeHubAgingHallmarks_alpha.png>
[15] [16] [17] [18]
File: figs/5mC_vs_C.png Graphic file (type bmp)
<figs/5mC_vs_C.png>
File: figs/CpG_vs_GpC.png Graphic file (type bmp)
<figs/CpG_vs_GpC.png>
[19]
File: figs/CGI-Shores-Shelves-Seas_2.png Graphic file (type bmp)
<figs/CGI-Shores-Shelves-Seas_2.png>
[20]
File: figs/CpGfreqVsDNAm.png Graphic file (type bmp)
<figs/CpGfreqVsDNAm.png>
[21] [22]
File: figs/Lyko2017DNAmMechanism.png Graphic file (type bmp)
<figs/Lyko2017DNAmMechanism.png>
File: figs/Wu2017TETsDNAmCycle.png Graphic file (type bmp)
<figs/Wu2017TETsDNAmCycle.png>
[23]
File: figs/Ciernia2016f3DNAmTime.png Graphic file (type bmp)
<figs/Ciernia2016f3DNAmTime.png>
[24]
File: figs/Riggs2004PNASfig2DNAmFidelity.png Graphic file (type bmp)
<figs/Riggs2004PNASfig2DNAmFidelity.png>
[25] [26]
File: figs/Zhao2014-fig3-ab.png Graphic file (type bmp)
<figs/Zhao2014-fig3-ab.png>
[27] [28]
File: figs/BisulfiteConversionNEB.jpg Graphic file (type bmp)
<figs/BisulfiteConversionNEB.jpg>
[29] [30]
File: figs/Fraga2005fig3.png Graphic file (type bmp)
<figs/Fraga2005fig3.png>
[31] [32]
File: figs/Heyn2012F1b.png Graphic file (type bmp)
<figs/Heyn2012F1b.png>
[33]
File: figs/Jaiswal2014fig1_somaticMutationAge.png Graphic file (type bmp)
<figs/Jaiswal2014fig1_somaticMutationAge.png>
[34]
File: figs/Jaiswal2014fig2c.png Graphic file (type bmp)
<figs/Jaiswal2014fig2c.png>
[35] [36]
File: figs/Marioni2015f3.png Graphic file (type bmp)
<figs/Marioni2015f3.png>
[37]
File: figs/Florath2014_F4abc.png Graphic file (type bmp)
<figs/Florath2014_F4abc.png>
[38] [39] [40] [41] [42] [43] [44]
Chapter 2.
File: figs/Bibikova2011IlluminaMethylationBeadChip.png Graphic file (type bmp)
<figs/Bibikova2011IlluminaMethylationBeadChip.png>
[45

]
Overfull \vbox (26.5682pt too high) has occurred while \output is active []

[46]
File: figs/Dedeurwaerder2011fig1bL.png Graphic file (type bmp)
<figs/Dedeurwaerder2011fig1bL.png>
[47] [48] [49]
File: figs/Clark2012fig1MeDIPseqVs450Kcoverage.png Graphic file (type bmp)
<figs/Clark2012fig1MeDIPseqVs450Kcoverage.png>
File: figs/MeDIPseqReaction.png Graphic file (type bmp)
<figs/MeDIPseqReaction.png>
[50] [51] [52]
File: figs/Krueger2011BismarkAlignment.png Graphic file (type bmp)
<figs/Krueger2011BismarkAlignment.png>
[53]
File: figs/targeted_BiSseq_fluidigm_generic.png Graphic file (type bmp)
<figs/targeted_BiSseq_fluidigm_generic.png>
[54]
File: figs/targeted_BiSseq_fluidigm_PCR.png Graphic file (type bmp)
<figs/targeted_BiSseq_fluidigm_PCR.png>
[55] [56

]
Chapter 3.
[57]

Package Fancyhdr Warning: \headheight is too small (20.0pt): 
Make it at least 34.76004pt.
We now make it that large for the rest of the document.
This may cause the page layout to be inconsistent, however.

[58] [59] [60]
File: figs/IntrinsicVsExtrinsicDNAmChangeGeneral.png Graphic file (type bmp)
<figs/IntrinsicVsExtrinsicDNAmChangeGeneral.png>
[61]
File: figs/MAVIDOSqcEPICsexMismatch.png Graphic file (type bmp)
<figs/MAVIDOSqcEPICsexMismatch.png>
[62]
File: figs/MAVIDOSqcEPICmethVsUnmeth.png Graphic file (type bmp)
<figs/MAVIDOSqcEPICmethVsUnmeth.png>
[63]
File: figs/MAVIDOSqcEPICpropSites.png Graphic file (type bmp)
<figs/MAVIDOSqcEPICpropSites.png>
[64]
File: figs/MAVIDOSqcEPICbeadNum.png Graphic file (type bmp)
<figs/MAVIDOSqcEPICbeadNum.png>
[65]
File: figs/MAVIDOSqc450ksexMismatch.png Graphic file (type bmp)
<figs/MAVIDOSqc450ksexMismatch.png>
[66]
File: figs/MAVIDOSqc450kmethVsUnmeth.png Graphic file (type bmp)
<figs/MAVIDOSqc450kmethVsUnmeth.png>
[67]
File: figs/MAVIDOSqc450kpropSites.png Graphic file (type bmp)
<figs/MAVIDOSqc450kpropSites.png>
[68]
File: figs/MAVIDOSqc450kbeadNum.png Graphic file (type bmp)
<figs/MAVIDOSqc450kbeadNum.png>
[69]
File: figs/MAVIDOSqcEPICctrlProbes.png Graphic file (type bmp)
<figs/MAVIDOSqcEPICctrlProbes.png>
[70]
Overfull \vbox (48.02695pt too high) has occurred while \output is active []

[71]
File: figs/MAVIDOSqcEPICpropSamples.png Graphic file (type bmp)
<figs/MAVIDOSqcEPICpropSamples.png>
File: figs/MAVIDOSqcEPICbeadNumAcross.png Graphic file (type bmp)
<figs/MAVIDOSqcEPICbeadNumAcross.png>
[72] [73]
File: figs/MAVIDOSgaphunterEgMonApr162018.png Graphic file (type bmp)
<figs/MAVIDOSgaphunterEgMonApr162018.png>
[74]
File: figs/MAVIDOSqc450kctrlProbes.png Graphic file (type bmp)
<figs/MAVIDOSqc450kctrlProbes.png>
[75]
Overfull \vbox (48.02695pt too high) has occurred while \output is active []

[76]
File: figs/MAVIDOSqc450kpropSamples.png Graphic file (type bmp)
<figs/MAVIDOSqc450kpropSamples.png>
File: figs/MAVIDOSqc450kbeadNumAcross.png Graphic file (type bmp)
<figs/MAVIDOSqc450kbeadNumAcross.png>
[77]
File: figs/MAVIDOSfunnormPCsEPICMonApr162018.png Graphic file (type bmp)
<figs/MAVIDOSfunnormPCsEPICMonApr162018.png>
[78]
File: figs/MAVIDOSfunnormPCs450kMonApr162018.png Graphic file (type bmp)
<figs/MAVIDOSfunnormPCs450kMonApr162018.png>
File: figs/MAVIDOSbmcEPICewasManhattanSVA.png Graphic file (type bmp)
<figs/MAVIDOSbmcEPICewasManhattanSVA.png>
[79]
File: figs/MAVIDOSccEPICewasManhattanSVA.png Graphic file (type bmp)
<figs/MAVIDOSccEPICewasManhattanSVA.png>
[80]
File: figs/MAVIDOSvitDviolinMonApr162018.png Graphic file (type bmp)
<figs/MAVIDOSvitDviolinMonApr162018.png>
[81]
File: figs/MAVIDOSmVitD34EPICewasManhattanSVA.png Graphic file (type bmp)
<figs/MAVIDOSmVitD34EPICewasManhattanSVA.png>
[82]
File: figs/MAVIDOSdifVDEPICewasManhattanSVA.png Graphic file (type bmp)
<figs/MAVIDOSdifVDEPICewasManhattanSVA.png>
[83]
File: figs/EPIC450kEWASconcordMAVIDOSMonApr162018.png Graphic file (type bmp)
<figs/EPIC450kEWASconcordMAVIDOSMonApr162018.png>
[84]
File: figs/EPIC450kEWASconcordMAVIDOSMonApr162018zoom.png Graphic file (type bm
p)
<figs/EPIC450kEWASconcordMAVIDOSMonApr162018zoom.png>
[85] [86] [87] [88]
Chapter 4.

Underfull \hbox (badness 10000) in paragraph at lines 1894--1895
[][][][][][][][][][][][]$\TU/lmr/m/n/10 , $[][][][][][][][][][][][][][][]$, $[]
[][][][][][][]$, $[][][][][][][][][][][][][][][]$, $[][][][][][][][][][][][][][
][]$,
 []


Underfull \hbox (badness 10000) in paragraph at lines 1904--1906

 []

File: figs/biorxiv_screenshot.png Graphic file (type bmp)
<figs/biorxiv_screenshot.png>
[89

] [90] [91] [92] [93] [94] [95] [96] [97] [98] [99]
File: ./figs/mappability-iMet1.png Graphic file (type bmp)
<./figs/mappability-iMet1.png>
File: ./figs/mappabilityScoreDensity_tRNAVsFlank500.png Graphic file (type bmp)

<./figs/mappabilityScoreDensity_tRNAVsFlank500.png>
[100]
File: figs/CpGcountBGvstRNAPlot.png Graphic file (type bmp)
<figs/CpGcountBGvstRNAPlot.png>
[101]
File: ./figs/meanMethbytRNAMatHeatmapLow_bl.png Graphic file (type bmp)
<./figs/meanMethbytRNAMatHeatmapLow_bl.png>
[102]
File: ./figs/cancerVsNormalCombinedPlots.png Graphic file (type bmp)
<./figs/cancerVsNormalCombinedPlots.png>
[103]
File: ./figs/meanBetasByTissueTNMpseudoSplitHeatmap.png Graphic file (type bmp)

<./figs/meanBetasByTissueTNMpseudoSplitHeatmap.png>
[104]
File: ./figs/meanMethBytRNAByFetalTissueHeatmapPseudosplit.png Graphic file (ty
pe bmp)
<./figs/meanMethBytRNAByFetalTissueHeatmapPseudosplit.png>
[105] [106]
File: ./figs/combinedFragSizeDists.png Graphic file (type bmp)
<./figs/combinedFragSizeDists.png>
[107] [108]
File: figs/OverviewOfAnalysesFigure_tRNA_3.png Graphic file (type bmp)
<figs/OverviewOfAnalysesFigure_tRNA_3.png>
File: figs/kutteresq_BLcount.png Graphic file (type bmp)
<figs/kutteresq_BLcount.png>
[109]
File: ./figs/nSigWinProps_WGfishers_BB_sws_hyper_2_BL_noPolyBivExcl_BarTxtast_s
r.png Graphic file (type bmp)
<./figs/nSigWinProps_WGfishers_BB_sws_hyper_2_BL_noPolyBivExcl_BarTxtast_sr.png
>
[110]
File: figs/tRNA-poly-bivP_n1000_combined_perm_hist.png Graphic file (type bmp)
<figs/tRNA-poly-bivP_n1000_combined_perm_hist.png>
[111]
File: figs/tRNA_circos_test_inkscape_4.png Graphic file (type bmp)
<figs/tRNA_circos_test_inkscape_4.png>
[112] [113]
File: ./figs/heynViolinBBswsOnlyLabelled_BL.png Graphic file (type bmp)
<./figs/heynViolinBBswsOnlyLabelled_BL.png>
[114]
File: ./figs/DNAmAgeVsChronAge.png Graphic file (type bmp)
<./figs/DNAmAgeVsChronAge.png>
[115]
File: ./figs/tRNA-iMet-CAT-1-4_nomSig_CpG.png Graphic file (type bmp)
<./figs/tRNA-iMet-CAT-1-4_nomSig_CpG.png>
[116]
File: ./figs/combinedKaryoplots_sig_bl.png Graphic file (type bmp)
<./figs/combinedKaryoplots_sig_bl.png>
[117] [118]
File: ./figs/blood_epitwins450k_Counts_sws_bl_zhou.png Graphic file (type bmp)
<./figs/blood_epitwins450k_Counts_sws_bl_zhou.png>
[119]
File: ./figs/maxScoreBytRNAtRNAge6SplitPlot_BL.png Graphic file (type bmp)
<./figs/maxScoreBytRNAtRNAge6SplitPlot_BL.png>
[120]
File: ./figs/meanMethbytRNAMatLowBB6_bl.png Graphic file (type bmp)
<./figs/meanMethbytRNAMatLowBB6_bl.png>
[121] [122]
File: ./figs/nonSigIsoMapbbswsPlotsGln-CTG.png Graphic file (type bmp)
<./figs/nonSigIsoMapbbswsPlotsGln-CTG.png>
File: ./figs/CpGPlotComb.png Graphic file (type bmp)
<./figs/CpGPlotComb.png>
[123] [124] [125] [126] [127] [128] [129] [130

]
Chapter 5.
[131] [132] [133] [134] [135] [136] [137] [138

]
Chapter 6.
[139] [140

]
Underfull \hbox (badness 1043) in paragraph at lines 3071--3073
[][]\TU/lmr/m/n/10 10. Booth LN, Brunet A: \TU/lmr/bx/n/10 The Aging Epigenome\
TU/lmr/m/n/10 . \TU/lmr/m/it/10 Molecular Cell \TU/lmr/m/n/10 2016, \TU/lmr/bx/
n/10 62\TU/lmr/m/n/10 :728
 []

[141]
Overfull \hbox (2.64565pt too wide) in paragraph at lines 3089--3091
[][]\TU/lmr/m/n/10 16. Bird A: \TU/lmr/bx/n/10 Perceptions of epigenetics. \TU/
lmr/m/it/10 Nature \TU/lmr/m/n/10 2007, \TU/lmr/bx/n/10 447\TU/lmr/m/n/10 :396
8[][]10.1038/nature05913[][]Available:
 []


Overfull \hbox (2.43898pt too wide) in paragraph at lines 3098--3100
\TU/lmr/bx/n/10 text of a Mature Organism? \TU/lmr/m/it/10 Cell Systems \TU/lmr
/m/n/10 2017, \TU/lmr/bx/n/10 4\TU/lmr/m/n/10 :255259[][]10.1016/j.cels.2017.0
3.006[][]Available:
 []

[142]
Underfull \hbox (badness 1412) in paragraph at lines 3122--3124
[][]\TU/lmr/m/n/10 27. Voigt P, LeRoy G, Drury WJ, Zee BM, Son J, Beck DB, Youn
g NL, Garcia
 []


Underfull \hbox (badness 3098) in paragraph at lines 3122--3124
\TU/lmr/m/n/10 BA, Reinberg D: \TU/lmr/bx/n/10 Asymmetrically modified nucleoso
mes. \TU/lmr/m/it/10 Cell \TU/lmr/m/n/10 2012, \TU/lmr/bx/n/10 151\TU/lmr/m/n/1
0 :181
 []

[143]
Overfull \hbox (77.039pt too wide) in paragraph at lines 3140--3142
[][]\TU/lmr/m/n/10 33. Jenuwein T: \TU/lmr/bx/n/10 Translating the Histone Code
\TU/lmr/m/n/10 . \TU/lmr/m/it/10 Science \TU/lmr/m/n/10 2001, \TU/lmr/bx/n/10 2
93\TU/lmr/m/n/10 :10741080[][]10.1126/science.1063127[][]Available:
 []


Underfull \hbox (badness 1527) in paragraph at lines 3161--3163
\TU/lmr/bx/n/10 ment, Aging, and Tumorigenesis\TU/lmr/m/n/10 . \TU/lmr/m/it/10 
BioMed Research International \TU/lmr/m/n/10 2014, \TU/lmr/bx/n/10 2014\TU/lmr/
m/n/10 :1
 []

[144] [145]
Overfull \hbox (47.03233pt too wide) in paragraph at lines 3203--3205
\TU/lmr/bx/n/10 some Positioning in Diverse Eukaryotes\TU/lmr/m/n/10 . \TU/lmr/
m/it/10 Cell \TU/lmr/m/n/10 2014, \TU/lmr/bx/n/10 156\TU/lmr/m/n/10 :12861297[
][]10.1016/j.cell.2014.01.029[][]Available:
 []

[146] [147]
Underfull \hbox (badness 1168) in paragraph at lines 3245--3247
[][]\TU/lmr/m/n/10 68. Ciernia AV, LaSalle J: \TU/lmr/bx/n/10 The landscape of 
DNA methylation amid a per-
 []


Underfull \hbox (badness 3019) in paragraph at lines 3245--3247
\TU/lmr/bx/n/10 fect storm of autism aetiologies\TU/lmr/m/n/10 . \TU/lmr/m/it/1
0 Nature Reviews Neuroscience \TU/lmr/m/n/10 2016, \TU/lmr/bx/n/10 17\TU/lmr/m/
n/10 :411
 []

[148]
Underfull \hbox (badness 1077) in paragraph at lines 3272--3274
[][]\TU/lmr/m/n/10 77. Weber M, Davies JJ, Wittig D, Oakeley EJ, Haase M, Lam W
L, Schbeler D:
 []

[149]
Underfull \hbox (badness 1337) in paragraph at lines 3308--3310
\TU/lmr/bx/n/10 DNA cytosine methylation using nanopore sequencing\TU/lmr/m/n/1
0 . \TU/lmr/m/it/10 Nature Methods \TU/lmr/m/n/10 2017,
 []

[150]
Overfull \hbox (8.39566pt too wide) in paragraph at lines 3338--3340
\TU/lmr/bx/n/10 gation\TU/lmr/m/n/10 . \TU/lmr/m/it/10 New England Journal of M
edicine \TU/lmr/m/n/10 2018, \TU/lmr/bx/n/10 378\TU/lmr/m/n/10 :13231334[][]10
.1056/NEJMra1402513[][]Available:
 []

[151]
Underfull \hbox (badness 1389) in paragraph at lines 3356--3358
\TU/lmr/m/n/10 Nelson HH, Karagas MR, Padbury JF, Bueno R, Sugarbaker DJ, Yeh R
-F, Wiencke
 []


Underfull \hbox (badness 4673) in paragraph at lines 3356--3358
\TU/lmr/m/n/10 JK, Kelsey KT: \TU/lmr/bx/n/10 Aging and Environmental Exposures
 Alter Tissue-Specific
 []


Underfull \hbox (badness 1642) in paragraph at lines 3368--3370
[][]\TU/lmr/m/n/10 109. Jung M, Pfeifer GP: \TU/lmr/bx/n/10 Aging and DNA methy
lation\TU/lmr/m/n/10 . \TU/lmr/m/it/10 BMC Biology \TU/lmr/m/n/10 2015,
 []

[152]
Underfull \hbox (badness 2512) in paragraph at lines 3377--3379
\TU/lmr/m/n/10 G, Zhang F, Valdes A, Shin S-Y, Dempster EL, Murray RM, Grundber
g E, Hed-
 []


Underfull \hbox (badness 1688) in paragraph at lines 3377--3379
\TU/lmr/m/n/10 man AK, Nica A, Small KS, MuTHER Consortium, Dermitzakis ET, McC
arthy MI,
 []


Underfull \hbox (badness 3354) in paragraph at lines 3377--3379
\TU/lmr/m/n/10 Mill J, Spector TD, Deloukas P: \TU/lmr/bx/n/10 Epigenome-wide s
cans identify differentially
 []


Underfull \hbox (badness 2142) in paragraph at lines 3377--3379
\TU/lmr/bx/n/10 methylated regions for age and age-related phenotypes in a heal
thy age-
 []


Underfull \hbox (badness 1062) in paragraph at lines 3377--3379
\TU/lmr/bx/n/10 ing population. \TU/lmr/m/it/10 PLoS genetics \TU/lmr/m/n/10 20
12, \TU/lmr/bx/n/10 8\TU/lmr/m/n/10 :e1002629[][]10.1371/journal.pgen.1002629[]
[]Available:
 []


Underfull \hbox (badness 1259) in paragraph at lines 3386--3388
\TU/lmr/m/n/10 VE, Usiello A, Chiariotti L, Cocozza S: \TU/lmr/bx/n/10 Modeling
 DNA methylation by analyz-
 []

[153]
Underfull \hbox (badness 1127) in paragraph at lines 3401--3403
[][]\TU/lmr/m/n/10 120. Friedman J, Hastie T, Tibshirani R: \TU/lmr/bx/n/10 Reg
ularization Paths for Generalized
 []


Underfull \hbox (badness 1009) in paragraph at lines 3413--3415
\TU/lmr/m/n/10 LR: \TU/lmr/bx/n/10 Methylome-wide association study of whole bl
ood DNA in the Norfolk
 []


Underfull \hbox (badness 1533) in paragraph at lines 3413--3415
\TU/lmr/bx/n/10 Island isolate identifies robust loci associated with age\TU/lm
r/m/n/10 . \TU/lmr/m/it/10 Aging \TU/lmr/m/n/10 2017, \TU/lmr/bx/n/10 9\TU/lmr/
m/n/10 :753
 []

[154] [155] [156]
Overfull \hbox (22.21231pt too wide) in paragraph at lines 3482--3484
\TU/lmr/bx/n/10 by Polycomb and Trithorax Proteins\TU/lmr/m/n/10 . \TU/lmr/m/it
/10 Cell \TU/lmr/m/n/10 2007, \TU/lmr/bx/n/10 128\TU/lmr/m/n/10 :735745[][]10.
1016/j.cell.2007.02.009[][]Available:
 []


Underfull \hbox (badness 1147) in paragraph at lines 3485--3487
[][]\TU/lmr/m/n/10 148. Hahn O, Grnke S, Stubbs TM, Ficz G, Hendrich O, Kruege
r F, Andrews S,
 []

[157] [158]
Overfull \hbox (40.43231pt too wide) in paragraph at lines 3548--3550
\TU/lmr/bx/n/10 Bisulfite-Seq applications\TU/lmr/m/n/10 . \TU/lmr/m/it/10 Bioi
nformatics \TU/lmr/m/n/10 2011, \TU/lmr/bx/n/10 27\TU/lmr/m/n/10 :15711572[][]
10.1093/bioinformatics/btr167[][]Available:
 []

[159]
Underfull \hbox (badness 1521) in paragraph at lines 3554--3556
\TU/lmr/m/n/10 ter AAM, Loche E, Ozanne SE, Rakyan VK: \TU/lmr/bx/n/10 Early-li
fe nutrition modulates the
 []

[160]
Underfull \hbox (badness 1275) in paragraph at lines 3587--3589
\TU/lmr/bx/n/10 childhooda prospective cohort study\TU/lmr/m/n/10 . \TU/lmr/m/
it/10 Osteoporosis International \TU/lmr/m/n/10 2011, \TU/lmr/bx/n/10 22\TU/lmr
/m/n/10 :883
 []

[161]
Underfull \hbox (badness 2393) in paragraph at lines 3608--3610
\TU/lmr/bx/n/10 timation of nucleated cells types in cord blood. \TU/lmr/m/it/1
0 Epigenetics \TU/lmr/m/n/10 2016, \TU/lmr/bx/n/10 11\TU/lmr/m/n/10 :773
 []


Underfull \hbox (badness 1997) in paragraph at lines 3614--3616
\TU/lmr/bx/n/10 types: Applications for mixed cell birth studies\TU/lmr/m/n/10 
. \TU/lmr/m/it/10 Epigenetics \TU/lmr/m/n/10 2016, \TU/lmr/bx/n/10 11\TU/lmr/m/
n/10 :354
 []

[162] [163]
Overfull \hbox (17.64235pt too wide) in paragraph at lines 3662--3664
\TU/lmr/bx/n/10 from conflicts to benefits\TU/lmr/m/n/10 . \TU/lmr/m/it/10 Natu
re Reviews Genetics \TU/lmr/m/n/10 2017, \TU/lmr/bx/n/10 18\TU/lmr/m/n/10 :718
6[][]10.1038/nrg.2016.139[][]Available:
 []

[164]
Underfull \hbox (badness 1038) in paragraph at lines 3695--3697
[][]\TU/lmr/m/n/10 218. Lee YS, Shibata Y, Malhotra A, Dutta A: \TU/lmr/bx/n/10
 A novel class of small RNAs:
 []


Underfull \hbox (badness 2894) in paragraph at lines 3695--3697
\TU/lmr/bx/n/10 tRNA-derived RNA fragments (tRFs). \TU/lmr/m/it/10 Genes & deve
lopment \TU/lmr/m/n/10 2009, \TU/lmr/bx/n/10 23\TU/lmr/m/n/10 :2639
 []

[165]
Overfull \hbox (16.719pt too wide) in paragraph at lines 3698--3700
\TU/lmr/m/it/10 ceedings of the National Academy of Sciences \TU/lmr/m/n/10 201
9, \TU/lmr/bx/n/10 116\TU/lmr/m/n/10 :201821120[][]10.1073/pnas.1821120116[][]A
vailable:
 []


Underfull \hbox (badness 2418) in paragraph at lines 3719--3721
\TU/lmr/bx/n/10 III transcription machinery in human cells. \TU/lmr/m/it/10 Gen
ome research \TU/lmr/m/n/10 2010, \TU/lmr/bx/n/10 20\TU/lmr/m/n/10 :710
 []

[166]
Underfull \hbox (badness 1515) in paragraph at lines 3731--3733
\TU/lmr/bx/n/10 III in Saccharomyces cerevisiae\TU/lmr/m/n/10 . \TU/lmr/m/it/10
 Molecular and Cellular Biology \TU/lmr/m/n/10 2001, \TU/lmr/bx/n/10 21\TU/lmr/
m/n/10 :5031
 []


Underfull \hbox (badness 1189) in paragraph at lines 3737--3739
\TU/lmr/bx/n/10 Grand ConducTOR of Metabolism and Aging\TU/lmr/m/n/10 . \TU/lmr
/m/it/10 Cell Metabolism \TU/lmr/m/n/10 2016, \TU/lmr/bx/n/10 23\TU/lmr/m/n/10 
:990
 []


Underfull \hbox (badness 1648) in paragraph at lines 3752--3754
\TU/lmr/bx/n/10 by a silent polymorphism linked to tRNA abundance\TU/lmr/m/n/10
 . \TU/lmr/m/it/10 PLOS Biology \TU/lmr/m/n/10 2017,
 []

[167] [168] [169]
Overfull \hbox (7.38438pt too wide) in paragraph at lines 3815--3817
\TU/lmr/bx/n/10 (GEO) and BioConductor\TU/lmr/m/n/10 . \TU/lmr/m/it/10 Bioinfor
matics \TU/lmr/m/n/10 2007, \TU/lmr/bx/n/10 23\TU/lmr/m/n/10 :18461847[][]10.1
093/bioinformatics/btm254[][]. 
 []


Overfull \hbox (72.08566pt too wide) in paragraph at lines 3839--3841
\TU/lmr/bx/n/10 multidimensional genomic data\TU/lmr/m/n/10 . \TU/lmr/m/it/10 B
ioinformatics \TU/lmr/m/n/10 2016, \TU/lmr/bx/n/10 32\TU/lmr/m/n/10 :28472849[
][]10.1093/bioinformatics/btw313[][]Available:
 []

[170]
Underfull \hbox (badness 2197) in paragraph at lines 3866--3868
[][]\TU/lmr/m/n/10 275. Martinez G, Choudury SG, Slotkin RK: \TU/lmr/bx/n/10 tR
NA-derived small RNAs tar-
 []


Underfull \hbox (badness 3312) in paragraph at lines 3866--3868
\TU/lmr/bx/n/10 get transposable element transcripts\TU/lmr/m/n/10 . \TU/lmr/m/
it/10 Nucleic Acids Research \TU/lmr/m/n/10 2017, \TU/lmr/bx/n/10 45\TU/lmr/m/n
/10 :5142
 []

[171]
Overfull \hbox (22.24109pt too wide) in paragraph at lines 3869--3871
\TU/lmr/bx/n/10 polymerase III transcription by c-Myc\TU/lmr/m/n/10 . \TU/lmr/m
/it/10 Nature \TU/lmr/m/n/10 2003, \TU/lmr/bx/n/10 421\TU/lmr/m/n/10 :290294[]
[]10.1038/nature01327[][]Available:
 []

[172] [173]
Underfull \hbox (badness 1275) in paragraph at lines 3944--3946
[][]\TU/lmr/m/n/10 301. Dewannieux M, Esnault C, Heidmann T: \TU/lmr/bx/n/10 LI
NE-mediated retrotransposition
 []


Underfull \hbox (badness 1107) in paragraph at lines 3944--3946
\TU/lmr/bx/n/10 of marked Alu sequences\TU/lmr/m/n/10 . \TU/lmr/m/it/10 Nature 
Genetics \TU/lmr/m/n/10 2003, \TU/lmr/bx/n/10 35\TU/lmr/m/n/10 :4148[][]10.103
8/ng1223[][]Available:
 []


Overfull \hbox (36.1923pt too wide) in paragraph at lines 3953--3955
\TU/lmr/bx/n/10 genome instability\TU/lmr/m/n/10 . \TU/lmr/m/it/10 Current Opin
ion in Virology \TU/lmr/m/n/10 2013, \TU/lmr/bx/n/10 3\TU/lmr/m/n/10 :639645[]
[]10.1016/j.coviro.2013.09.002[][]Available:
 []

[174] [175]
Underfull \hbox (badness 1122) in paragraph at lines 3998--4000
\TU/lmr/m/n/10 S, Lu AT, McIntosh AM, Whalley HC, Marioni RE: \TU/lmr/bx/n/10 A
 meta-analysis of genome-
 []


Underfull \hbox (badness 1281) in paragraph at lines 3998--4000
\TU/lmr/bx/n/10 wide association studies of epigenetic age acceleration\TU/lmr/
m/n/10 . \TU/lmr/m/it/10 PLOS Genetics \TU/lmr/m/n/10 2019,
 []

[176]
Package atveryend Info: Empty hook `BeforeClearDocument' on input line 4025.
[177]
Package atveryend Info: Empty hook `AfterLastShipout' on input line 4025.
(./thesis.aux)
Package atveryend Info: Empty hook `AtVeryEndDocument' on input line 4025.
Package atveryend Info: Empty hook `AtEndAfterFileList' on input line 4025.
 ) 
Here is how much of TeX's memory you used:
 28586 strings out of 492909
 527137 string characters out of 6132923
 797383 words of memory out of 5000000
 32257 multiletter control sequences out of 15000+600000
 538854 words of font info for 80 fonts, out of 8000000 for 9000
 1348 hyphenation exceptions out of 8191
 58i,12n,115p,2589b,570s stack positions out of 5000i,500n,10000p,200000b,80000s

Output written on thesis.pdf (177 pages).
